
> switchenv@1.0.0 build
> npm run typecheck && electron-vite build


> switchenv@1.0.0 typecheck
> npm run typecheck:node && npm run typecheck:web


> switchenv@1.0.0 typecheck:node
> tsc --noEmit -p tsconfig.node.json --composite false


> switchenv@1.0.0 typecheck:web
> vue-tsc --noEmit -p tsconfig.web.json --composite false

vite v7.2.2 building ssr environment for production...
transforming...
✓ 3 modules transformed.
rendering chunks...
out/main/index.js  18.16 kB
✓ built in 415ms
vite v7.2.2 building ssr environment for production...
transforming...
✓ 1 modules transformed.
rendering chunks...
out/preload/index.js  1.88 kB
✓ built in 14ms
vite v7.2.2 building client environment for production...
transforming...
✓ 1460 modules transformed.
✗ Build failed in 5.88s
error during build:
[unocss:global:build:scan] cssPlugins.get(...).transform.call is not a function
    at applyCssTransform (file:///Volumes/M2/SwitchEnv/node_modules/.pnpm/@unocss+vite@0.64.1_rollup@4.53.2_vite@7.2.2_@types+node@22.19.1_jiti@1.21.7_less@4.4.2_cd665540c898589e5dc0b85474cd7ce8/node_modules/@unocss/vite/dist/index.mjs:531:56)
    at async Object.renderChunk (file:///Volumes/M2/SwitchEnv/node_modules/.pnpm/@unocss+vite@0.64.1_rollup@4.53.2_vite@7.2.2_@types+node@22.19.1_jiti@1.21.7_less@4.4.2_cd665540c898589e5dc0b85474cd7ce8/node_modules/@unocss/vite/dist/index.mjs:643:15)
    at async transformChunk (file:///Volumes/M2/SwitchEnv/node_modules/.pnpm/rollup@4.53.2/node_modules/rollup/dist/es/shared/node-entry.js:20321:16)
    at async file:///Volumes/M2/SwitchEnv/node_modules/.pnpm/rollup@4.53.2/node_modules/rollup/dist/es/shared/node-entry.js:20395:17
    at async Promise.all (index 0)
    at async transformChunksAndGenerateContentHashes (file:///Volumes/M2/SwitchEnv/node_modules/.pnpm/rollup@4.53.2/node_modules/rollup/dist/es/shared/node-entry.js:20390:5)
    at async renderChunks (file:///Volumes/M2/SwitchEnv/node_modules/.pnpm/rollup@4.53.2/node_modules/rollup/dist/es/shared/node-entry.js:20299:151)
    at async Bundle.generate (file:///Volumes/M2/SwitchEnv/node_modules/.pnpm/rollup@4.53.2/node_modules/rollup/dist/es/shared/node-entry.js:20558:13)
    at async file:///Volumes/M2/SwitchEnv/node_modules/.pnpm/rollup@4.53.2/node_modules/rollup/dist/es/shared/node-entry.js:23424:27
    at async catchUnfinishedHookActions (file:///Volumes/M2/SwitchEnv/node_modules/.pnpm/rollup@4.53.2/node_modules/rollup/dist/es/shared/node-entry.js:22791:16)
